<?xml version="1.0" encoding="UTF-8"?>
<!-- Generated by org.testng.reporters.JUnitReportReporter -->
<testsuite hostname="DESKTOP-38MES30" failures="0" tests="1" name="io.swagger.petstore.OrderTest" time="4.971" errors="0" timestamp="2019-09-09T09:18:48 EEST" skipped="0">
  <testcase classname="io.swagger.petstore.OrderTest" name="orderTest" time="4.971"/>
</testsuite> <!-- io.swagger.petstore.OrderTest -->
